2023-07-05 23:09:20,969 - INFO - Processing file ctr-arre.3ds in directory 0031 - Ridge.Racer.3D.USA.3DS-CONTRAST
2023-07-05 23:09:20,969 - INFO - Renamed file ctr-arre.3ds to Ridge.Racer.3D.USA.3DS-CONTRAST.3ds in directory 0031 - Ridge.Racer.3D.USA.3DS-CONTRAST
2023-07-05 23:09:20,970 - INFO - Processing file ctr-awae.3ds in directory 0032 - Pilotwings.Resort.USA.3DS-CONTRAST
2023-07-05 23:09:20,970 - INFO - Renamed file ctr-awae.3ds to Pilotwings.Resort.USA.3DS-CONTRAST.3ds in directory 0032 - Pilotwings.Resort.USA.3DS-CONTRAST
2023-07-05 23:09:20,970 - INFO - Processing file ctr-aqee.3ds in directory 0033 - The.Legend.of.Zelda.Ocarina.of.Time.3D.USA.3DS-CONTRAST
2023-07-05 23:09:20,970 - INFO - Renamed file ctr-aqee.3ds to The.Legend.of.Zelda.Ocarina.of.Time.3D.USA.3DS-CONTRAST.3ds in directory 0033 - The.Legend.of.Zelda.Ocarina.of.Time.3D.USA.3DS-CONTRAST
2023-07-05 23:09:20,971 - INFO - Processing file ctr-asde.3ds in directory 0034 - Steel.Diver.USA.3DS-CONTRAST
2023-07-05 23:09:20,971 - INFO - Renamed file ctr-asde.3ds to Steel.Diver.USA.3DS-CONTRAST.3ds in directory 0034 - Steel.Diver.USA.3DS-CONTRAST
2023-07-05 23:09:20,971 - INFO - Processing file ctr-adce.3ds in directory 0035 - Nintendogs.plus.Cats.Toy.Poodle.and.New.Friends.USA.3DS-CONTRAST
2023-07-05 23:09:20,971 - INFO - Renamed file ctr-adce.3ds to Nintendogs.plus.Cats.Toy.Poodle.and.New.Friends.USA.3DS-CONTRAST.3ds in directory 0035 - Nintendogs.plus.Cats.Toy.Poodle.and.New.Friends.USA.3DS-CONTRAST
2023-07-05 23:09:20,971 - INFO - Processing file ctr-agre.3ds in directory 0036 - Tom.Clancys.Ghost.Recon.Shadow.Wars.USA.3DS-CONTRAST
2023-07-05 23:09:20,972 - INFO - Renamed file ctr-agre.3ds to Tom.Clancys.Ghost.Recon.Shadow.Wars.USA.3DS-CONTRAST.3ds in directory 0036 - Tom.Clancys.Ghost.Recon.Shadow.Wars.USA.3DS-CONTRAST
2023-07-05 23:09:20,972 - INFO - Processing file ctr-asse.3ds in directory 0037 - Super.Street.Fighter.IV.3D.Edition.USA.3DS-CONTRAST
2023-07-05 23:09:20,972 - INFO - Renamed file ctr-asse.3ds to Super.Street.Fighter.IV.3D.Edition.USA.3DS-CONTRAST.3ds in directory 0037 - Super.Street.Fighter.IV.3D.Edition.USA.3DS-CONTRAST
2023-07-05 23:09:20,972 - INFO - Processing file v-cst3.3ds in directory 0039 - Cave_Story_3D_USA_3DS-VENOM
2023-07-05 23:09:20,973 - INFO - Renamed file v-cst3.3ds to Cave_Story_3D_USA_3DS-VENOM.3ds in directory 0039 - Cave_Story_3D_USA_3DS-VENOM
2023-07-05 23:09:20,973 - INFO - Processing file v-mk7.3ds in directory 0040 - Mario_Kart_7_USA_3DS-VENOM
2023-07-05 23:09:20,973 - INFO - Renamed file v-mk7.3ds to Mario_Kart_7_USA_3DS-VENOM.3ds in directory 0040 - Mario_Kart_7_USA_3DS-VENOM
2023-07-05 23:09:20,973 - INFO - Processing file v-sm3d.3ds in directory 0041 - Super_Mario_3D_Land_USA_3DS-VENOM
2023-07-05 23:09:20,973 - INFO - Renamed file v-sm3d.3ds to Super_Mario_3D_Land_USA_3DS-VENOM.3ds in directory 0041 - Super_Mario_3D_Land_USA_3DS-VENOM
2023-07-05 23:09:20,974 - INFO - Processing file v-smnk.3ds in directory 0042 - Super_Monkey_Ball_3D_USA_3DS-VENOM
2023-07-05 23:09:20,974 - INFO - Renamed file v-smnk.3ds to Super_Monkey_Ball_3D_USA_3DS-VENOM.3ds in directory 0042 - Super_Monkey_Ball_3D_USA_3DS-VENOM
2023-07-05 23:09:20,974 - INFO - Processing file v-sgen.3ds in directory 0043 - Sonic_Generations_USA_3DS-VENOM
2023-07-05 23:09:20,974 - INFO - Renamed file v-sgen.3ds to Sonic_Generations_USA_3DS-VENOM.3ds in directory 0043 - Sonic_Generations_USA_3DS-VENOM
2023-07-05 23:09:20,974 - INFO - Processing file v-sfx3.3ds in directory 0044 - Star_Fox_64_3D_USA_3DS-VENOM
2023-07-05 23:09:20,975 - INFO - Renamed file v-sfx3.3ds to Star_Fox_64_3D_USA_3DS-VENOM.3ds in directory 0044 - Star_Fox_64_3D_USA_3DS-VENOM
2023-07-05 23:09:20,975 - INFO - Processing file v-snbi.3ds in directory 0045 - Shinobi_USA_3DS-VENOM
2023-07-05 23:09:20,975 - INFO - Renamed file v-snbi.3ds to Shinobi_USA_3DS-VENOM.3ds in directory 0045 - Shinobi_USA_3DS-VENOM
2023-07-05 23:09:20,975 - INFO - Processing file v-btps.3ds in directory 0046 - Bit_Trip_Saga_USA_3DS-VENOM
2023-07-05 23:09:20,975 - INFO - Renamed file v-btps.3ds to Bit_Trip_Saga_USA_3DS-VENOM.3ds in directory 0046 - Bit_Trip_Saga_USA_3DS-VENOM
2023-07-05 23:09:20,976 - INFO - Processing file v-htt3.3ds in directory 0050 - Harvest_Moon_The_Tale_of_Two_Towns_USA_3DS-VENOM
2023-07-05 23:09:20,976 - INFO - Renamed file v-htt3.3ds to Harvest_Moon_The_Tale_of_Two_Towns_USA_3DS-VENOM.3ds in directory 0050 - Harvest_Moon_The_Tale_of_Two_Towns_USA_3DS-VENOM
2023-07-05 23:09:20,976 - INFO - Processing file v-doad.3ds in directory 0051 - Dead_or_Alive_Dimensions_USA_3DS-VENOM
2023-07-05 23:09:20,976 - INFO - Renamed file v-doad.3ds to Dead_or_Alive_Dimensions_USA_3DS-VENOM.3ds in directory 0051 - Dead_or_Alive_Dimensions_USA_3DS-VENOM
2023-07-05 23:09:20,976 - INFO - Processing file v-dsoc.3ds in directory 0053 - Shin_Megami_Tensei_Devil_Survivor_Overclocked_USA_3DS-VENOM
2023-07-05 23:09:20,977 - INFO - Renamed file v-dsoc.3ds to Shin_Megami_Tensei_Devil_Survivor_Overclocked_USA_3DS-VENOM.3ds in directory 0053 - Shin_Megami_Tensei_Devil_Survivor_Overclocked_USA_3DS-VENOM
2023-07-05 23:09:20,977 - INFO - Processing file v-teax.3ds in directory 0054 - Tetris_Axis_USA_3DS-VENOM
2023-07-05 23:09:20,977 - INFO - Renamed file v-teax.3ds to Tetris_Axis_USA_3DS-VENOM.3ds in directory 0054 - Tetris_Axis_USA_3DS-VENOM
2023-07-05 23:09:20,977 - INFO - Processing file v-nnas.3ds in directory 0055 - Nano_Assault_USA_3DS-VENOM
2023-07-05 23:09:20,978 - INFO - Renamed file v-nnas.3ds to Nano_Assault_USA_3DS-VENOM.3ds in directory 0055 - Nano_Assault_USA_3DS-VENOM
2023-07-05 23:09:20,978 - INFO - Processing file v-blzb.3ds in directory 0061 - BlazBlue_Continuum_Shift_II_USA_3DS-VENOM
2023-07-05 23:09:20,978 - INFO - Renamed file v-blzb.3ds to BlazBlue_Continuum_Shift_II_USA_3DS-VENOM.3ds in directory 0061 - BlazBlue_Continuum_Shift_II_USA_3DS-VENOM
2023-07-05 23:09:20,978 - INFO - Processing file v-acah.3ds in directory 0063 - Ace_Combat_Assault_Horizon_Legacy_USA_3DS-VENOM
2023-07-05 23:09:20,978 - INFO - Renamed file v-acah.3ds to Ace_Combat_Assault_Horizon_Legacy_USA_3DS-VENOM.3ds in directory 0063 - Ace_Combat_Assault_Horizon_Legacy_USA_3DS-VENOM
2023-07-05 23:09:20,978 - INFO - Processing file v-mjcb.3ds in directory 0069 - Mahjong_Cub3d_USA_3DS-VENOM
2023-07-05 23:09:20,979 - INFO - Renamed file v-mjcb.3ds to Mahjong_Cub3d_USA_3DS-VENOM.3ds in directory 0069 - Mahjong_Cub3d_USA_3DS-VENOM
2023-07-05 23:09:20,979 - INFO - Processing file v-pmrb.3ds in directory 0070 - Pokemon_Rumble_Blast_USA_3DS-VENOM
2023-07-05 23:09:20,979 - INFO - Renamed file v-pmrb.3ds to Pokemon_Rumble_Blast_USA_3DS-VENOM.3ds in directory 0070 - Pokemon_Rumble_Blast_USA_3DS-VENOM
2023-07-05 23:09:20,979 - INFO - Processing file v-s3p.3ds in directory 0071 - The_Sims_3_Pets_USA_3DS-VENOM
2023-07-05 23:09:20,979 - INFO - Renamed file v-s3p.3ds to The_Sims_3_Pets_USA_3DS-VENOM.3ds in directory 0071 - The_Sims_3_Pets_USA_3DS-VENOM
2023-07-05 23:09:20,979 - INFO - Processing file v-lghp.3ds in directory 0072 - LEGO_Harry_Potter_Years_5_to_7_USA_3DS-VENOM
2023-07-05 23:09:20,980 - INFO - Renamed file v-lghp.3ds to LEGO_Harry_Potter_Years_5_to_7_USA_3DS-VENOM.3ds in directory 0072 - LEGO_Harry_Potter_Years_5_to_7_USA_3DS-VENOM
2023-07-05 23:09:20,980 - INFO - Processing file v-lgpc.3ds in directory 0073 - LEGO_Pirates_of_the_Caribbean_USA_3DS-VENOM
2023-07-05 23:09:20,980 - INFO - Renamed file v-lgpc.3ds to LEGO_Pirates_of_the_Caribbean_USA_3DS-VENOM.3ds in directory 0073 - LEGO_Pirates_of_the_Caribbean_USA_3DS-VENOM
2023-07-05 23:09:20,980 - INFO - Processing file v-lgsw.3ds in directory 0075 - LEGO_Star_Wars_III_The_Clone_Wars_USA_3DS-VENOM
2023-07-05 23:09:20,981 - INFO - Renamed file v-lgsw.3ds to LEGO_Star_Wars_III_The_Clone_Wars_USA_3DS-VENOM.3ds in directory 0075 - LEGO_Star_Wars_III_The_Clone_Wars_USA_3DS-VENOM
2023-07-05 23:09:20,981 - INFO - Processing file v-wwea.3ds in directory 0076 - WWE_All_Stars_USA_3DS-VENOM
2023-07-05 23:09:20,981 - INFO - Renamed file v-wwea.3ds to WWE_All_Stars_USA_3DS-VENOM.3ds in directory 0076 - WWE_All_Stars_USA_3DS-VENOM
2023-07-05 23:09:20,981 - INFO - Processing file v-swrc.3ds in directory 0078 - Samurai_Warriors_Chronicles_USA_3DS-VENOM
2023-07-05 23:09:20,981 - INFO - Renamed file v-swrc.3ds to Samurai_Warriors_Chronicles_USA_3DS-VENOM.3ds in directory 0078 - Samurai_Warriors_Chronicles_USA_3DS-VENOM
2023-07-05 23:09:20,981 - INFO - Processing file v-sc3d.3ds in directory 0079 - Tom_Clancys_Splinter_Cell_3D_USA_3DS-VENOM
2023-07-05 23:09:20,982 - INFO - Renamed file v-sc3d.3ds to Tom_Clancys_Splinter_Cell_3D_USA_3DS-VENOM.3ds in directory 0079 - Tom_Clancys_Splinter_Cell_3D_USA_3DS-VENOM
2023-07-05 23:09:20,982 - INFO - Processing file v-fif2.3ds in directory 0081 - FIFA_Soccer_12_USA_3DS-VENOM
2023-07-05 23:09:20,982 - INFO - Renamed file v-fif2.3ds to FIFA_Soccer_12_USA_3DS-VENOM.3ds in directory 0081 - FIFA_Soccer_12_USA_3DS-VENOM
2023-07-05 23:09:20,982 - INFO - Processing file v-bamu.3ds in directory 0082 - Bust_A_Move_Universe_USA_3DS-VENOM
2023-07-05 23:09:20,983 - INFO - Renamed file v-bamu.3ds to Bust_A_Move_Universe_USA_3DS-VENOM.3ds in directory 0082 - Bust_A_Move_Universe_USA_3DS-VENOM
2023-07-05 23:09:20,983 - INFO - Processing file v-wpt2.3ds in directory 0083 - Wipeout_2_USA_3DS-VENOM
2023-07-05 23:09:20,983 - INFO - Renamed file v-wpt2.3ds to Wipeout_2_USA_3DS-VENOM.3ds in directory 0083 - Wipeout_2_USA_3DS-VENOM
2023-07-05 23:09:20,983 - INFO - Processing file v-pmp3.3ds in directory 0085 - Pac_Man_Party_3D_USA_3DS-VENOM
2023-07-05 23:09:20,983 - INFO - Renamed file v-pmp3.3ds to Pac_Man_Party_3D_USA_3DS-VENOM.3ds in directory 0085 - Pac_Man_Party_3D_USA_3DS-VENOM
2023-07-05 23:09:20,983 - INFO - Processing file v-rtit.3ds in directory 0086 - Rabbids_Travel_in_Time_3D_USA_3DS-VENOM
2023-07-05 23:09:20,984 - INFO - Renamed file v-rtit.3ds to Rabbids_Travel_in_Time_3D_USA_3DS-VENOM.3ds in directory 0086 - Rabbids_Travel_in_Time_3D_USA_3DS-VENOM
2023-07-05 23:09:20,984 - INFO - Processing file v-sbsp.3ds in directory 0087 - SpongeBob_SquigglePants_3D_USA_3DS-VENOM
2023-07-05 23:09:20,984 - INFO - Renamed file v-sbsp.3ds to SpongeBob_SquigglePants_3D_USA_3DS-VENOM.3ds in directory 0087 - SpongeBob_SquigglePants_3D_USA_3DS-VENOM
2023-07-05 23:09:20,984 - INFO - Processing file v-cm4k.3ds in directory 0090 - Cooking_Mama_4_Kitchen_Magic_USA_3DS-VENOM
2023-07-05 23:09:20,985 - INFO - Renamed file v-cm4k.3ds to Cooking_Mama_4_Kitchen_Magic_USA_3DS-VENOM.3ds in directory 0090 - Cooking_Mama_4_Kitchen_Magic_USA_3DS-VENOM
2023-07-05 23:09:20,985 - INFO - Processing file v-pes1.3ds in directory 0093 - Pro_Evolution_Soccer_2011_3D_USA_3DS-VENOM
2023-07-05 23:09:20,985 - INFO - Renamed file v-pes1.3ds to Pro_Evolution_Soccer_2011_3D_USA_3DS-VENOM.3ds in directory 0093 - Pro_Evolution_Soccer_2011_3D_USA_3DS-VENOM
2023-07-05 23:09:20,985 - INFO - Processing file v-pes2.3ds in directory 0094 - Pro_Evolution_Soccer_2012_3D_USA_3DS-VENOM
2023-07-05 23:09:20,986 - INFO - Renamed file v-pes2.3ds to Pro_Evolution_Soccer_2012_3D_USA_3DS-VENOM.3ds in directory 0094 - Pro_Evolution_Soccer_2012_3D_USA_3DS-VENOM
2023-07-05 23:09:20,986 - INFO - Processing file as-dt3d.3ds in directory 0095 - Dream_Trigger_3D_USA_3DS-ABSTRAKT
2023-07-05 23:09:20,986 - INFO - Renamed file as-dt3d.3ds to Dream_Trigger_3D_USA_3DS-ABSTRAKT.3ds in directory 0095 - Dream_Trigger_3D_USA_3DS-ABSTRAKT
2023-07-05 23:09:20,986 - INFO - Processing file as-ncgr.3ds in directory 0096 - Nintendogs_Cats_Golden_Retriever_and_New_Friends_USA_3DS-ABSTRAKT
2023-07-05 23:09:20,986 - INFO - Renamed file as-ncgr.3ds to Nintendogs_Cats_Golden_Retriever_and_New_Friends_USA_3DS-ABSTRAKT.3ds in directory 0096 - Nintendogs_Cats_Golden_Retriever_and_New_Friends_USA_3DS-ABSTRAKT
2023-07-05 23:09:20,986 - INFO - Processing file v-cnpt.3ds in directory 0097 - Cartoon_Network_Punch_Time_Explosion_USA_3DS-VENOM
2023-07-05 23:09:20,987 - INFO - Renamed file v-cnpt.3ds to Cartoon_Network_Punch_Time_Explosion_USA_3DS-VENOM.3ds in directory 0097 - Cartoon_Network_Punch_Time_Explosion_USA_3DS-VENOM
2023-07-05 23:09:20,987 - INFO - Processing file v-drvr.3ds in directory 0098 - Driver_Renegade_USA_3DS-VENOM
2023-07-05 23:09:20,987 - INFO - Renamed file v-drvr.3ds to Driver_Renegade_USA_3DS-VENOM.3ds in directory 0098 - Driver_Renegade_USA_3DS-VENOM
2023-07-05 23:09:20,987 - INFO - Processing file v-jnhc.3ds in directory 0099 - James_Noirs_Hollywood_Crimes_USA_3DS-VENOM
2023-07-05 23:09:20,988 - INFO - Renamed file v-jnhc.3ds to James_Noirs_Hollywood_Crimes_USA_3DS-VENOM.3ds in directory 0099 - James_Noirs_Hollywood_Crimes_USA_3DS-VENOM
2023-07-05 23:09:20,988 - INFO - Processing file v-pmgd.3ds in directory 0100 - Pac_Man_and_Galaga_Dimensions_USA_3DS-VENOM
2023-07-05 23:09:20,988 - INFO - Renamed file v-pmgd.3ds to Pac_Man_and_Galaga_Dimensions_USA_3DS-VENOM.3ds in directory 0100 - Pac_Man_and_Galaga_Dimensions_USA_3DS-VENOM
2023-07-05 23:09:20,988 - INFO - Processing file v-skys.3ds in directory 0101 - Skylanders_Spyros_Adventure_USA_3DS-VENOM
2023-07-05 23:09:20,988 - INFO - Renamed file v-skys.3ds to Skylanders_Spyros_Adventure_USA_3DS-VENOM.3ds in directory 0101 - Skylanders_Spyros_Adventure_USA_3DS-VENOM
2023-07-05 23:09:20,989 - INFO - Processing file v-msog.3ds in directory 0104 - Mario_and_Sonic_at_the_London_2012_Olympic_Games_USA_3DS-VENOM
2023-07-05 23:09:20,989 - INFO - Renamed file v-msog.3ds to Mario_and_Sonic_at_the_London_2012_Olympic_Games_USA_3DS-VENOM.3ds in directory 0104 - Mario_and_Sonic_at_the_London_2012_Olympic_Games_USA_3DS-VENOM
2023-07-05 23:09:20,989 - INFO - Processing file v-tota.3ds in directory 0105 - Tales_of_the_Abyss_USA_3DS-VENOM
2023-07-05 23:09:20,989 - INFO - Renamed file v-tota.3ds to Tales_of_the_Abyss_USA_3DS-VENOM.3ds in directory 0105 - Tales_of_the_Abyss_USA_3DS-VENOM
2023-07-05 23:09:20,989 - INFO - Processing file v-t3dp.3ds in directory 0106 - Tekken_3D_Prime_Edition_USA_3DS-VENOM
2023-07-05 23:09:20,989 - INFO - Renamed file v-t3dp.3ds to Tekken_3D_Prime_Edition_USA_3DS-VENOM.3ds in directory 0106 - Tekken_3D_Prime_Edition_USA_3DS-VENOM
2023-07-05 23:09:20,989 - INFO - Processing file v-mgs3.3ds in directory 0107 - Metal_Gear_Solid_3D_Snake_Eater_USA_3DS-VENOM
2023-07-05 23:09:20,990 - INFO - Renamed file v-mgs3.3ds to Metal_Gear_Solid_3D_Snake_Eater_USA_3DS-VENOM.3ds in directory 0107 - Metal_Gear_Solid_3D_Snake_Eater_USA_3DS-VENOM
2023-07-05 23:09:20,990 - INFO - Processing file v-rerl.3ds in directory 0108 - Resident_Evil_Revelations_USA_3DS-VENOM
2023-07-05 23:09:20,990 - INFO - Renamed file v-rerl.3ds to Resident_Evil_Revelations_USA_3DS-VENOM.3ds in directory 0108 - Resident_Evil_Revelations_USA_3DS-VENOM
2023-07-05 23:09:20,990 - INFO - Processing file v-asph.3ds in directory 0110 - Asphalt_3D_USA_3DS-VENOM
2023-07-05 23:09:20,991 - INFO - Renamed file v-asph.3ds to Asphalt_3D_USA_3DS-VENOM.3ds in directory 0110 - Asphalt_3D_USA_3DS-VENOM
2023-07-05 23:09:20,991 - INFO - Processing file v-glrm.3ds in directory 0111 - Green_Lantern_Rise_of_the_Manhunters_USA_3DS-VENOM
2023-07-05 23:09:20,991 - INFO - Renamed file v-glrm.3ds to Green_Lantern_Rise_of_the_Manhunters_USA_3DS-VENOM.3ds in directory 0111 - Green_Lantern_Rise_of_the_Manhunters_USA_3DS-VENOM
2023-07-05 23:09:20,991 - INFO - Processing file v-hft2.3ds in directory 0112 - Happy_Feet_Two_USA_3DS-VENOM
2023-07-05 23:09:20,991 - INFO - Renamed file v-hft2.3ds to Happy_Feet_Two_USA_3DS-VENOM.3ds in directory 0112 - Happy_Feet_Two_USA_3DS-VENOM
2023-07-05 23:09:20,991 - INFO - Processing file v-ncfb.3ds in directory 0113 - Nintendogs_and_Cats_French_Bulldog_and_New_Friends_USA_3DS-VENOM
2023-07-05 23:09:20,992 - INFO - Renamed file v-ncfb.3ds to Nintendogs_and_Cats_French_Bulldog_and_New_Friends_USA_3DS-VENOM.3ds in directory 0113 - Nintendogs_and_Cats_French_Bulldog_and_New_Friends_USA_3DS-VENOM
2023-07-05 23:09:20,992 - INFO - Processing file v-raym.3ds in directory 0114 - Rayman_3D_USA_3DS-VENOM
2023-07-05 23:09:20,992 - INFO - Renamed file v-raym.3ds to Rayman_3D_USA_3DS-VENOM.3ds in directory 0114 - Rayman_3D_USA_3DS-VENOM
2023-07-05 23:09:20,992 - INFO - Processing file v-retm.3ds in directory 0115 - Resident_Evil_The_Mercenaries_3D_USA_3DS-VENOM
2023-07-05 23:09:20,993 - INFO - Renamed file v-retm.3ds to Resident_Evil_The_Mercenaries_3D_USA_3DS-VENOM.3ds in directory 0115 - Resident_Evil_The_Mercenaries_3D_USA_3DS-VENOM
2023-07-05 23:09:20,993 - INFO - Processing file as-dps.3ds in directory 0116 - DualPenSports_USA_3DS-ABSTRAKT
2023-07-05 23:09:20,993 - INFO - Renamed file as-dps.3ds to DualPenSports_USA_3DS-ABSTRAKT.3ds in directory 0116 - DualPenSports_USA_3DS-ABSTRAKT
2023-07-05 23:09:20,993 - INFO - Processing file v-cubn.3ds in directory 0118 - Cubic_Ninja_USA_3DS-VENOM
2023-07-05 23:09:20,994 - INFO - Renamed file v-cubn.3ds to Cubic_Ninja_USA_3DS-VENOM.3ds in directory 0118 - Cubic_Ninja_USA_3DS-VENOM
2023-07-05 23:09:20,994 - INFO - Processing file v-mnfl.3ds in directory 0119 - Madden_NFL_Football_USA_3DS-VENOM
2023-07-05 23:09:20,994 - INFO - Renamed file v-mnfl.3ds to Madden_NFL_Football_USA_3DS-VENOM.3ds in directory 0119 - Madden_NFL_Football_USA_3DS-VENOM
2023-07-05 23:09:20,994 - INFO - Processing file v-s33d.3ds in directory 0120 - The_Sims_3_USA_3DS-VENOM
2023-07-05 23:09:20,994 - INFO - Renamed file v-s33d.3ds to The_Sims_3_USA_3DS-VENOM.3ds in directory 0120 - The_Sims_3_USA_3DS-VENOM
2023-07-05 23:09:20,994 - INFO - Processing file v-dlfk.3ds in directory 0122 - Doctor_Lautrec_and_the_Forgotten_Knights_USA_3DS-VENOM
2023-07-05 23:09:20,995 - INFO - Renamed file v-dlfk.3ds to Doctor_Lautrec_and_the_Forgotten_Knights_USA_3DS-VENOM.3ds in directory 0122 - Doctor_Lautrec_and_the_Forgotten_Knights_USA_3DS-VENOM
2023-07-05 23:09:20,995 - INFO - Processing file v-nmlb.3ds in directory 0123 - Nicktoons_MLB_3D_USA_3DS-VENOM
2023-07-05 23:09:20,995 - INFO - Renamed file v-nmlb.3ds to Nicktoons_MLB_3D_USA_3DS-VENOM.3ds in directory 0123 - Nicktoons_MLB_3D_USA_3DS-VENOM
2023-07-05 23:09:20,995 - INFO - Processing file v-tdom.3ds in directory 0124 - Transformers_Dark_of_the_Moon_Stealth_Force_Edition_USA_3DS-VENOM
2023-07-05 23:09:20,996 - INFO - Renamed file v-tdom.3ds to Transformers_Dark_of_the_Moon_Stealth_Force_Edition_USA_3DS-VENOM.3ds in directory 0124 - Transformers_Dark_of_the_Moon_Stealth_Force_Edition_USA_3DS-VENOM
2023-07-05 23:09:20,996 - INFO - Processing file as-rfpd.3ds in directory 0126 - Reel_Fishing_3D_Paradise_USA_3DS-ABSTRAKT
2023-07-05 23:09:20,996 - INFO - Renamed file as-rfpd.3ds to Reel_Fishing_3D_Paradise_USA_3DS-ABSTRAKT.3ds in directory 0126 - Reel_Fishing_3D_Paradise_USA_3DS-ABSTRAKT
2023-07-05 23:09:20,996 - INFO - Processing file v-cbgd.3ds in directory 0127 - Combat_of_Giants_Dinosaurs_3D_USA_3DS-VENOM
2023-07-05 23:09:20,997 - INFO - Renamed file v-cbgd.3ds to Combat_of_Giants_Dinosaurs_3D_USA_3DS-VENOM.3ds in directory 0127 - Combat_of_Giants_Dinosaurs_3D_USA_3DS-VENOM
2023-07-05 23:09:20,997 - INFO - Processing file v-frgr.3ds in directory 0128 - Frogger_3D_USA_3DS-VENOM
2023-07-05 23:09:20,997 - INFO - Renamed file v-frgr.3ds to Frogger_3D_USA_3DS-VENOM.3ds in directory 0128 - Frogger_3D_USA_3DS-VENOM
2023-07-05 23:09:20,997 - INFO - Processing file v-pzf3.3ds in directory 0129 - Petz_Fantasy_3D_USA_3DS-VENOM
2023-07-05 23:09:20,997 - INFO - Renamed file v-pzf3.3ds to Petz_Fantasy_3D_USA_3DS-VENOM.3ds in directory 0129 - Petz_Fantasy_3D_USA_3DS-VENOM
2023-07-05 23:09:20,997 - INFO - Processing file v-pzmg.3ds in directory 0130 - Puzzler_Mind_Gym_3D_USA_3DS-VENOM
2023-07-05 23:09:20,997 - INFO - Renamed file v-pzmg.3ds to Puzzler_Mind_Gym_3D_USA_3DS-VENOM.3ds in directory 0130 - Puzzler_Mind_Gym_3D_USA_3DS-VENOM
2023-07-05 23:09:20,999 - INFO - Processing file v-tgot.3ds in directory 0131 - Thor_God_of_Thunder_USA_3DS-VENOM
2023-07-05 23:09:20,999 - INFO - Renamed file v-tgot.3ds to Thor_God_of_Thunder_USA_3DS-VENOM.3ds in directory 0131 - Thor_God_of_Thunder_USA_3DS-VENOM
2023-07-05 23:09:20,999 - INFO - Processing file v-dsex.3ds in directory 0135 - Deca_Sports_Extreme_USA_3DS-VENOM
2023-07-05 23:09:20,999 - INFO - Renamed file v-dsex.3ds to Deca_Sports_Extreme_USA_3DS-VENOM.3ds in directory 0135 - Deca_Sports_Extreme_USA_3DS-VENOM
2023-07-05 23:09:20,999 - INFO - Processing file v-f111.3ds in directory 0136 - Formula_1_2011_USA_3DS-VENOM
2023-07-05 23:09:21,000 - INFO - Renamed file v-f111.3ds to Formula_1_2011_USA_3DS-VENOM.3ds in directory 0136 - Formula_1_2011_USA_3DS-VENOM
2023-07-05 23:09:21,000 - INFO - Processing file v-brpb.3ds in directory 0137 - Brunswick_Pro_Bowling_USA_3DS-VENOM
2023-07-05 23:09:21,000 - INFO - Renamed file v-brpb.3ds to Brunswick_Pro_Bowling_USA_3DS-VENOM.3ds in directory 0137 - Brunswick_Pro_Bowling_USA_3DS-VENOM
2023-07-05 23:09:21,000 - INFO - Processing file v-nkpp.3ds in directory 0138 - Nikolis_Pencil_Puzzle_USA_3DS-VENOM
2023-07-05 23:09:21,000 - INFO - Renamed file v-nkpp.3ds to Nikolis_Pencil_Puzzle_USA_3DS-VENOM.3ds in directory 0138 - Nikolis_Pencil_Puzzle_USA_3DS-VENOM
2023-07-05 23:09:21,001 - INFO - Processing file v-phof.3ds in directory 0139 - Pinball_Hall_of_Fame_The_Williams_Collection_USA_3DS-VENOM
2023-07-05 23:09:21,001 - INFO - Renamed file v-phof.3ds to Pinball_Hall_of_Fame_The_Williams_Collection_USA_3DS-VENOM.3ds in directory 0139 - Pinball_Hall_of_Fame_The_Williams_Collection_USA_3DS-VENOM
2023-07-05 23:09:21,001 - INFO - Processing file v-kicu.3ds in directory 0143 - Kid_Icarus_Uprising_USA_3DS-VENOM
2023-07-05 23:09:21,001 - INFO - Renamed file v-kicu.3ds to Kid_Icarus_Uprising_USA_3DS-VENOM.3ds in directory 0143 - Kid_Icarus_Uprising_USA_3DS-VENOM
2023-07-05 23:09:21,001 - INFO - Processing file v-csh3.3ds in directory 0144 - CRUSH3D_USA_3DS-VENOM
2023-07-05 23:09:21,002 - INFO - Renamed file v-csh3.3ds to CRUSH3D_USA_3DS-VENOM.3ds in directory 0144 - CRUSH3D_USA_3DS-VENOM
2023-07-05 23:09:21,002 - INFO - Processing file v-lrbb.3ds in directory 0145 - Lets_Ride_Best_in_Breed_3D_USA_3DS-VENOM
2023-07-05 23:09:21,002 - INFO - Renamed file v-lrbb.3ds to Lets_Ride_Best_in_Breed_3D_USA_3DS-VENOM.3ds in directory 0145 - Lets_Ride_Best_in_Breed_3D_USA_3DS-VENOM
2023-07-05 23:09:21,002 - INFO - Processing file v-pmpr.3ds in directory 0146 - Paws_and_Claws_Pampered_Pets_Resort_3D_USA_3DS-VENOM
2023-07-05 23:09:21,003 - INFO - Renamed file v-pmpr.3ds to Paws_and_Claws_Pampered_Pets_Resort_3D_USA_3DS-VENOM.3ds in directory 0146 - Paws_and_Claws_Pampered_Pets_Resort_3D_USA_3DS-VENOM
2023-07-05 23:09:21,003 - INFO - Processing file v-cnti.3ds in directory 0148 - Centipede_Infestation_USA_3DS-VENOM
2023-07-05 23:09:21,003 - INFO - Renamed file v-cnti.3ds to Centipede_Infestation_USA_3DS-VENOM.3ds in directory 0148 - Centipede_Infestation_USA_3DS-VENOM
2023-07-05 23:09:21,003 - INFO - Processing file v-cgww.3ds in directory 0149 - Carnival_Games_Wild_West_3D_USA_3DS-VENOM
2023-07-05 23:09:21,003 - INFO - Renamed file v-cgww.3ds to Carnival_Games_Wild_West_3D_USA_3DS-VENOM.3ds in directory 0149 - Carnival_Games_Wild_West_3D_USA_3DS-VENOM
2023-07-05 23:09:21,004 - INFO - Processing file v-frpf.3ds in directory 0150 - Face_Racers_Photo_Finish_USA_3DS-VENOM
2023-07-05 23:09:21,004 - INFO - Renamed file v-frpf.3ds to Face_Racers_Photo_Finish_USA_3DS-VENOM.3ds in directory 0150 - Face_Racers_Photo_Finish_USA_3DS-VENOM
2023-07-05 23:09:21,004 - INFO - Processing file v-gghg.3ds in directory 0151 - Gabrielles_Ghostly_Groove_3D_USA_3DS-VENOM
2023-07-05 23:09:21,004 - INFO - Renamed file v-gghg.3ds to Gabrielles_Ghostly_Groove_3D_USA_3DS-VENOM.3ds in directory 0151 - Gabrielles_Ghostly_Groove_3D_USA_3DS-VENOM
2023-07-05 23:09:21,004 - INFO - Processing file v-hrse.3ds in directory 0152 - Horses_3D_USA_3DS-VENOM
2023-07-05 23:09:21,005 - INFO - Renamed file v-hrse.3ds to Horses_3D_USA_3DS-VENOM.3ds in directory 0152 - Horses_3D_USA_3DS-VENOM
2023-07-05 23:09:21,005 - INFO - Processing file v-jaws.3ds in directory 0153 - JAWS_Ultimate_Predator_USA_3DS-VENOM
2023-07-05 23:09:21,005 - INFO - Renamed file v-jaws.3ds to JAWS_Ultimate_Predator_USA_3DS-VENOM.3ds in directory 0153 - JAWS_Ultimate_Predator_USA_3DS-VENOM
2023-07-05 23:09:21,005 - INFO - Processing file v-set3.3ds in directory 0154 - SpiderMan_Edge_of_Time_USA_3DS-VENOM
2023-07-05 23:09:21,006 - INFO - Renamed file v-set3.3ds to SpiderMan_Edge_of_Time_USA_3DS-VENOM.3ds in directory 0154 - SpiderMan_Edge_of_Time_USA_3DS-VENOM
2023-07-05 23:09:21,006 - INFO - Processing file v-btg3.3ds in directory 0155 - Ben_10_Galactic_Racing_USA_3DS-VENOM
2023-07-05 23:09:21,006 - INFO - Renamed file v-btg3.3ds to Ben_10_Galactic_Racing_USA_3DS-VENOM.3ds in directory 0155 - Ben_10_Galactic_Racing_USA_3DS-VENOM
2023-07-05 23:09:21,006 - INFO - Processing file v-fkyb.3ds in directory 0156 - Funky_Barn_3D_USA_3DS-VENOM
2023-07-05 23:09:21,006 - INFO - Renamed file v-fkyb.3ds to Funky_Barn_3D_USA_3DS-VENOM.3ds in directory 0156 - Funky_Barn_3D_USA_3DS-VENOM
2023-07-05 23:09:21,007 - INFO - Processing file v-msh3.3ds in directory 0157 - Marvel_Super_Hero_Squad_The_Infinity_Gauntlet_USA_3DS-VENOM
2023-07-05 23:09:21,007 - INFO - Renamed file v-msh3.3ds to Marvel_Super_Hero_Squad_The_Infinity_Gauntlet_USA_3DS-VENOM.3ds in directory 0157 - Marvel_Super_Hero_Squad_The_Infinity_Gauntlet_USA_3DS-VENOM
2023-07-05 23:09:21,007 - INFO - Processing file v-oret.3ds in directory 0158 - The_Oregon_Trail_USA_3DS-VENOM
2023-07-05 23:09:21,007 - INFO - Renamed file v-oret.3ds to The_Oregon_Trail_USA_3DS-VENOM.3ds in directory 0158 - The_Oregon_Trail_USA_3DS-VENOM
2023-07-05 23:09:21,007 - INFO - Processing file v-cam3.3ds in directory 0161 - Captain_America_Super_Soldier_USA_3DS-VENOM
2023-07-05 23:09:21,008 - INFO - Renamed file v-cam3.3ds to Captain_America_Super_Soldier_USA_3DS-VENOM.3ds in directory 0161 - Captain_America_Super_Soldier_USA_3DS-VENOM
2023-07-05 23:09:21,008 - INFO - Processing file v-cr23.3ds in directory 0162 - Cars_2_USA_3DS-VENOM
2023-07-05 23:09:21,008 - INFO - Renamed file v-cr23.3ds to Cars_2_USA_3DS-VENOM.3ds in directory 0162 - Cars_2_USA_3DS-VENOM
2023-07-05 23:09:21,008 - INFO - Processing file v-gems.3ds in directory 0163 - Gem_Smashers_USA_3DS-VENOM
2023-07-05 23:09:21,008 - INFO - Renamed file v-gems.3ds to Gem_Smashers_USA_3DS-VENOM.3ds in directory 0163 - Gem_Smashers_USA_3DS-VENOM
2023-07-05 23:09:21,009 - INFO - Processing file v-gra3.3ds in directory 0164 - Generator_Rex_Agent_of_Providence_USA_3DS-VENOM
2023-07-05 23:09:21,009 - INFO - Renamed file v-gra3.3ds to Generator_Rex_Agent_of_Providence_USA_3DS-VENOM.3ds in directory 0164 - Generator_Rex_Agent_of_Providence_USA_3DS-VENOM
2023-07-05 23:09:21,009 - INFO - Processing file v-zres.3ds in directory 0165 - Zoo_Resort_3D_USA_3DS-VENOM
2023-07-05 23:09:21,009 - INFO - Renamed file v-zres.3ds to Zoo_Resort_3D_USA_3DS-VENOM.3ds in directory 0165 - Zoo_Resort_3D_USA_3DS-VENOM
2023-07-05 23:09:21,009 - INFO - Processing file v-mjte.3ds in directory 0169 - Michael_Jackson_The_Experience_3D_USA_3DS-VENOM
2023-07-05 23:09:21,009 - INFO - Renamed file v-mjte.3ds to Michael_Jackson_The_Experience_3D_USA_3DS-VENOM.3ds in directory 0169 - Michael_Jackson_The_Experience_3D_USA_3DS-VENOM
2023-07-05 23:09:21,009 - INFO - Processing file v-taot.3ds in directory 0170 - The_Adventures_of_Tintin_USA_3DS-VENOM
2023-07-05 23:09:21,010 - INFO - Renamed file v-taot.3ds to The_Adventures_of_Tintin_USA_3DS-VENOM.3ds in directory 0170 - The_Adventures_of_Tintin_USA_3DS-VENOM
2023-07-05 23:09:21,010 - INFO - Processing file v-dwsk.3ds in directory 0171 - DreamWorks_Super_Star_Kartz_USA_3DS-VENOM
2023-07-05 23:09:21,010 - INFO - Renamed file v-dwsk.3ds to DreamWorks_Super_Star_Kartz_USA_3DS-VENOM.3ds in directory 0171 - DreamWorks_Super_Star_Kartz_USA_3DS-VENOM
2023-07-05 23:09:21,010 - INFO - Processing file v-ifd3.3ds in directory 0172 - Imagine_Fashion_Designer_USA_3DS-VENOM
2023-07-05 23:09:21,010 - INFO - Renamed file v-ifd3.3ds to Imagine_Fashion_Designer_USA_3DS-VENOM.3ds in directory 0172 - Imagine_Fashion_Designer_USA_3DS-VENOM
2023-07-05 23:09:21,010 - INFO - Processing file v-pzom.3ds in directory 0173 - Pet_Zombies_USA_3DS-VENOM
2023-07-05 23:09:21,011 - INFO - Renamed file v-pzom.3ds to Pet_Zombies_USA_3DS-VENOM.3ds in directory 0173 - Pet_Zombies_USA_3DS-VENOM
2023-07-05 23:09:21,011 - INFO - Processing file v-thid.3ds in directory 0174 - The_Hidden_USA_3DS-VENOM
2023-07-05 23:09:21,011 - INFO - Renamed file v-thid.3ds to The_Hidden_USA_3DS-VENOM.3ds in directory 0174 - The_Hidden_USA_3DS-VENOM
2023-07-05 23:09:21,011 - INFO - Processing file v-nfsr.3ds in directory 0177 - Need_for_Speed_The_Run_USA_3DS-VENOM
2023-07-05 23:09:21,012 - INFO - Renamed file v-nfsr.3ds to Need_for_Speed_The_Run_USA_3DS-VENOM.3ds in directory 0177 - Need_for_Speed_The_Run_USA_3DS-VENOM
2023-07-05 23:09:21,012 - INFO - Processing file v-nscr.3ds in directory 0178 - NASCAR_Unleashed_USA_3DS-VENOM
2023-07-05 23:09:21,012 - INFO - Renamed file v-nscr.3ds to NASCAR_Unleashed_USA_3DS-VENOM.3ds in directory 0178 - NASCAR_Unleashed_USA_3DS-VENOM
2023-07-05 23:09:21,012 - INFO - Processing file v-pup3.3ds in directory 0179 - Puppies_3D_USA_3DS-VENOM
2023-07-05 23:09:21,013 - INFO - Renamed file v-pup3.3ds to Puppies_3D_USA_3DS-VENOM.3ds in directory 0179 - Puppies_3D_USA_3DS-VENOM
2023-07-05 23:09:21,013 - INFO - Processing file v-shft.3ds in directory 0180 - Shifting_World_USA_3DS-VENOM
2023-07-05 23:09:21,013 - INFO - Renamed file v-shft.3ds to Shifting_World_USA_3DS-VENOM.3ds in directory 0180 - Shifting_World_USA_3DS-VENOM
2023-07-05 23:09:21,013 - INFO - Processing file v-dkcr3.3ds in directory 0246 - Donkey_Kong_Country_Returns_3D_USA_3DS-VENOM
2023-07-05 23:09:21,013 - INFO - Renamed file v-dkcr3.3ds to Donkey_Kong_Country_Returns_3D_USA_3DS-VENOM.3ds in directory 0246 - Donkey_Kong_Country_Returns_3D_USA_3DS-VENOM
2023-07-05 23:09:21,013 - INFO - Processing file v-femba.3ds in directory 0247 - Fire_Emblem_Awakening_USA_3DS-VENOM
2023-07-05 23:09:21,014 - INFO - Renamed file v-femba.3ds to Fire_Emblem_Awakening_USA_3DS-VENOM.3ds in directory 0247 - Fire_Emblem_Awakening_USA_3DS-VENOM
2023-07-05 23:09:21,014 - INFO - Processing file v-eo4.3ds in directory 0248 - Etrian_Odyssey_IV_Legends_of_the_Titan_USA_3DS-VENOM
2023-07-05 23:09:21,014 - INFO - Renamed file v-eo4.3ds to Etrian_Odyssey_IV_Legends_of_the_Titan_USA_3DS-VENOM.3ds in directory 0248 - Etrian_Odyssey_IV_Legends_of_the_Titan_USA_3DS-VENOM
2023-07-05 23:09:21,014 - INFO - Processing file v-pmdgi.3ds in directory 0249 - Pokemon_Mystery_Dungeon_Gates_to_Infinity_USA_3DS-VENOM
2023-07-05 23:09:21,015 - INFO - Renamed file v-pmdgi.3ds to Pokemon_Mystery_Dungeon_Gates_to_Infinity_USA_3DS-VENOM.3ds in directory 0249 - Pokemon_Mystery_Dungeon_Gates_to_Infinity_USA_3DS-VENOM
2023-07-05 23:09:21,015 - INFO - Processing file v-zevlr.3ds in directory 0250 - Zero_Escape_Virtues_Last_Reward_USA_3DS-VENOM
2023-07-05 23:09:21,015 - INFO - Renamed file v-zevlr.3ds to Zero_Escape_Virtues_Last_Reward_USA_3DS-VENOM.3ds in directory 0250 - Zero_Escape_Virtues_Last_Reward_USA_3DS-VENOM
2023-07-05 23:09:21,015 - INFO - Processing file v-rtet.3ds in directory 0251 - Rhythm_Thief_and_the_Emperors_Treasure_USA_3DS-VENOM
2023-07-05 23:09:21,016 - INFO - Renamed file v-rtet.3ds to Rhythm_Thief_and_the_Emperors_Treasure_USA_3DS-VENOM.3ds in directory 0251 - Rhythm_Thief_and_the_Emperors_Treasure_USA_3DS-VENOM
2023-07-05 23:09:21,016 - INFO - Processing file v-rayor.3ds in directory 0252 - Rayman_Origins_USA_3DS-VENOM
2023-07-05 23:09:21,016 - INFO - Renamed file v-rayor.3ds to Rayman_Origins_USA_3DS-VENOM.3ds in directory 0252 - Rayman_Origins_USA_3DS-VENOM
2023-07-05 23:09:21,016 - INFO - Processing file v-pltmm.3ds in directory 0253 - Professor_Layton_and_the_Miracle_Mask_USA_3DS-VENOM
2023-07-05 23:09:21,016 - INFO - Renamed file v-pltmm.3ds to Professor_Layton_and_the_Miracle_Mask_USA_3DS-VENOM.3ds in directory 0253 - Professor_Layton_and_the_Miracle_Mask_USA_3DS-VENOM
2023-07-05 23:09:21,016 - INFO - Processing file v-pmss.3ds in directory 0254 - Paper_Mario_Sticker_Star_USA_3DS-VENOM
2023-07-05 23:09:21,017 - INFO - Renamed file v-pmss.3ds to Paper_Mario_Sticker_Star_USA_3DS-VENOM.3ds in directory 0254 - Paper_Mario_Sticker_Star_USA_3DS-VENOM
2023-07-05 23:09:21,017 - INFO - Processing file v-nsmb2.3ds in directory 0255 - New_Super_Mario_Bros_2_USA_3DS-VENOM
2023-07-05 23:09:21,017 - INFO - Renamed file v-nsmb2.3ds to New_Super_Mario_Bros_2_USA_3DS-VENOM.3ds in directory 0255 - New_Super_Mario_Bros_2_USA_3DS-VENOM
2023-07-05 23:09:21,017 - INFO - Processing file v-mh3u.3ds in directory 0256 - Monster_Hunter_3_Ultimate_USA_3DS-VENOM
2023-07-05 23:09:21,017 - INFO - Renamed file v-mh3u.3ds to Monster_Hunter_3_Ultimate_USA_3DS-VENOM.3ds in directory 0256 - Monster_Hunter_3_Ultimate_USA_3DS-VENOM
2023-07-05 23:09:21,017 - INFO - Processing file v-mteno.3ds in directory 0257 - Mario_Tennis_Open_USA_3DS-VENOM
2023-07-05 23:09:21,017 - INFO - Renamed file v-mteno.3ds to Mario_Tennis_Open_USA_3DS-VENOM.3ds in directory 0257 - Mario_Tennis_Open_USA_3DS-VENOM
2023-07-05 23:09:21,017 - INFO - Processing file v-khddd.3ds in directory 0258 - Kingdom_Hearts_3D_Dream_Drop_Distance_USA_3DS-VENOM
2023-07-05 23:09:21,019 - INFO - Renamed file v-khddd.3ds to Kingdom_Hearts_3D_Dream_Drop_Distance_USA_3DS-VENOM.3ds in directory 0258 - Kingdom_Hearts_3D_Dream_Drop_Distance_USA_3DS-VENOM
2023-07-05 23:09:21,019 - INFO - Processing file v-hor.3ds in directory 0259 - Heroes_of_Ruin_USA_3DS-VENOM
2023-07-05 23:09:21,019 - INFO - Renamed file v-hor.3ds to Heroes_of_Ruin_USA_3DS-VENOM.3ds in directory 0259 - Heroes_of_Ruin_USA_3DS-VENOM
2023-07-05 23:09:21,019 - INFO - Processing file v-clsmf.3ds in directory 0260 - Castlevania_Lords_of_Shadow_Mirror_of_Fate_USA_3DS-VENOM
2023-07-05 23:09:21,020 - INFO - Renamed file v-clsmf.3ds to Castlevania_Lords_of_Shadow_Mirror_of_Fate_USA_3DS-VENOM.3ds in directory 0260 - Castlevania_Lords_of_Shadow_Mirror_of_Fate_USA_3DS-VENOM
2023-07-05 23:09:21,020 - INFO - Processing file v-lcucb.3ds in directory 0262 - LEGO_City_Undercover_The_Chase_Begins_USA_3DS-VENOM
2023-07-05 23:09:21,020 - INFO - Renamed file v-lcucb.3ds to LEGO_City_Undercover_The_Chase_Begins_USA_3DS-VENOM.3ds in directory 0262 - LEGO_City_Undercover_The_Chase_Begins_USA_3DS-VENOM
2023-07-05 23:09:21,020 - INFO - Processing file v-dempi.3ds in directory 0263 - Disney_Epic_Mickey_Power_of_Illusion_USA_3DS-VENOM
2023-07-05 23:09:21,020 - INFO - Renamed file v-dempi.3ds to Disney_Epic_Mickey_Power_of_Illusion_USA_3DS-VENOM.3ds in directory 0263 - Disney_Epic_Mickey_Power_of_Illusion_USA_3DS-VENOM
2023-07-05 23:09:21,021 - INFO - Processing file v-lb2dc.3ds in directory 0264 - LEGO_Batman_2_DC_Super_Heroes_USA_3DS-VENOM
2023-07-05 23:09:21,021 - INFO - Renamed file v-lb2dc.3ds to LEGO_Batman_2_DC_Super_Heroes_USA_3DS-VENOM.3ds in directory 0264 - LEGO_Batman_2_DC_Super_Heroes_USA_3DS-VENOM
2023-07-05 23:09:21,021 - INFO - Processing file v-copr.3ds in directory 0265 - Code_of_Princess_USA_3DS-VENOM
2023-07-05 23:09:21,021 - INFO - Renamed file v-copr.3ds to Code_of_Princess_USA_3DS-VENOM.3ds in directory 0265 - Code_of_Princess_USA_3DS-VENOM
2023-07-05 23:09:21,021 - INFO - Processing file v-hmanb.3ds in directory 0266 - Harvest_Moon_3D_A_New_Beginning_USA_3DS-VENOM
2023-07-05 23:09:21,022 - INFO - Renamed file v-hmanb.3ds to Harvest_Moon_3D_A_New_Beginning_USA_3DS-VENOM.3ds in directory 0266 - Harvest_Moon_3D_A_New_Beginning_USA_3DS-VENOM
2023-07-05 23:09:21,022 - INFO - Processing file v-llotr.3ds in directory 0298 - LEGO_The_Lord_of_the_Rings_USA_3DS-VENOM
2023-07-05 23:09:21,022 - INFO - Renamed file v-llotr.3ds to LEGO_The_Lord_of_the_Rings_USA_3DS-VENOM.3ds in directory 0298 - LEGO_The_Lord_of_the_Rings_USA_3DS-VENOM
2023-07-05 23:09:21,022 - INFO - Processing file v-rabr.3ds in directory 0299 - Rabbids_Rumble_USA_3DS-VENOM
2023-07-05 23:09:21,022 - INFO - Renamed file v-rabr.3ds to Rabbids_Rumble_USA_3DS-VENOM.3ds in directory 0299 - Rabbids_Rumble_USA_3DS-VENOM
2023-07-05 23:09:21,022 - INFO - Processing file v-tfptg.3ds in directory 0300 - Transformers_Prime_The_Game_USA_3DS-VENOM
2023-07-05 23:09:21,023 - INFO - Renamed file v-tfptg.3ds to Transformers_Prime_The_Game_USA_3DS-VENOM.3ds in directory 0300 - Transformers_Prime_The_Game_USA_3DS-VENOM
2023-07-05 23:09:21,023 - INFO - Processing file v-trff.3ds in directory 0344 - Theatrhythm_Final_Fantasy_USA_3DS-VENOM
2023-07-05 23:09:21,023 - INFO - Renamed file v-trff.3ds to Theatrhythm_Final_Fantasy_USA_3DS-VENOM.3ds in directory 0344 - Theatrhythm_Final_Fantasy_USA_3DS-VENOM
2023-07-05 23:09:21,023 - INFO - Processing file v-snun.3ds in directory 0345 - Scribblenauts_Unlimited_USA_3DS-VENOM
2023-07-05 23:09:21,024 - INFO - Renamed file v-snun.3ds to Scribblenauts_Unlimited_USA_3DS-VENOM.3ds in directory 0345 - Scribblenauts_Unlimited_USA_3DS-VENOM
2023-07-05 23:09:21,024 - INFO - Processing file v-lmdm.3ds in directory 0346 - Luigis_Mansion_Dark_Moon_USA_3DS-VENOM
2023-07-05 23:09:21,024 - INFO - Renamed file v-lmdm.3ds to Luigis_Mansion_Dark_Moon_USA_3DS-VENOM.3ds in directory 0346 - Luigis_Mansion_Dark_Moon_USA_3DS-VENOM
2023-07-05 23:09:21,024 - WARNING - No .3ds file in directory 0433 - Spirit_Camera_The_Cursed_Memoir_USA_3DS-ABSTRAKT
2023-07-05 23:09:21,024 - INFO - Processing file as-sctcm.3ds in directory 0433 - Spirit_Camera_The_Cursed_Memoir_USA_3DS-ABSTRAKT
2023-07-05 23:09:21,024 - INFO - Renamed file as-sctcm.3ds to Spirit_Camera_The_Cursed_Memoir_USA_3DS-ABSTRAKT.3ds in directory 0433 - Spirit_Camera_The_Cursed_Memoir_USA_3DS-ABSTRAKT
2023-07-05 23:09:21,025 - INFO - Processing file as-m44.3ds in directory 0438 - Monster_4x4_3D_USA_3DS-ABSTRAKT
2023-07-05 23:09:21,025 - INFO - Renamed file as-m44.3ds to Monster_4x4_3D_USA_3DS-ABSTRAKT.3ds in directory 0438 - Monster_4x4_3D_USA_3DS-ABSTRAKT
2023-07-05 23:09:21,025 - INFO - Processing file as-jg3d.3ds in directory 0439 - Junior_Classic_Games_3D_USA_3DS-ABSTRAKT
2023-07-05 23:09:21,025 - INFO - Renamed file as-jg3d.3ds to Junior_Classic_Games_3D_USA_3DS-ABSTRAKT.3ds in directory 0439 - Junior_Classic_Games_3D_USA_3DS-ABSTRAKT
2023-07-05 23:09:21,025 - INFO - Processing file as-myst.3ds in directory 0440 - Myst_USA_3DS-ABSTRAKT
2023-07-05 23:09:21,026 - INFO - Renamed file as-myst.3ds to Myst_USA_3DS-ABSTRAKT.3ds in directory 0440 - Myst_USA_3DS-ABSTRAKT
2023-07-05 23:09:21,026 - INFO - Processing file as-htva.3ds in directory 0441 - Hotel_Transylvania_USA_3DS-ABSTRAKT
2023-07-05 23:09:21,026 - INFO - Renamed file as-htva.3ds to Hotel_Transylvania_USA_3DS-ABSTRAKT.3ds in directory 0441 - Hotel_Transylvania_USA_3DS-ABSTRAKT
2023-07-05 23:09:21,026 - INFO - Processing file as-aale.3ds in directory 0442 - Art_Academy_Lessons_For_Everyone_USA_3DS-ABSTRAKT
2023-07-05 23:09:21,026 - INFO - Renamed file as-aale.3ds to Art_Academy_Lessons_For_Everyone_USA_3DS-ABSTRAKT.3ds in directory 0442 - Art_Academy_Lessons_For_Everyone_USA_3DS-ABSTRAKT
2023-07-05 23:09:21,027 - INFO - Processing file as-iflf.3ds in directory 0466 - Imagine_Fashion_Life_USA_3DS-ABSTRAKT
2023-07-05 23:09:21,027 - INFO - Renamed file as-iflf.3ds to Imagine_Fashion_Life_USA_3DS-ABSTRAKT.3ds in directory 0466 - Imagine_Fashion_Life_USA_3DS-ABSTRAKT
2023-07-05 23:09:21,027 - INFO - Processing file as-ia4u.3ds in directory 0467 - Ice_Age_Continental_Drift_USA_3DS-ABSTRAKT
2023-07-05 23:09:21,027 - INFO - Renamed file as-ia4u.3ds to Ice_Age_Continental_Drift_USA_3DS-ABSTRAKT.3ds in directory 0467 - Ice_Age_Continental_Drift_USA_3DS-ABSTRAKT
2023-07-05 23:09:21,027 - INFO - Processing file as-50cgu.3ds in directory 0484 - 50_Classic_Games_3D_USA_3DS-ABSTRAKT
2023-07-05 23:09:21,028 - INFO - Renamed file as-50cgu.3ds to 50_Classic_Games_3D_USA_3DS-ABSTRAKT.3ds in directory 0484 - 50_Classic_Games_3D_USA_3DS-ABSTRAKT
2023-07-05 23:09:21,028 - INFO - Processing file as-mldt.3ds in directory 0485 - Mario_and_Luigi_Dream_Team_USA_3DS-ABSTRAKT
2023-07-05 23:09:21,028 - INFO - Renamed file as-mldt.3ds to Mario_and_Luigi_Dream_Team_USA_3DS-ABSTRAKT.3ds in directory 0485 - Mario_and_Luigi_Dream_Team_USA_3DS-ABSTRAKT
2023-07-05 23:09:21,028 - INFO - Processing file as-acnl.3ds in directory 0493 - Animal_Crossing_New_Leaf_USA_3DS-ABSTRAKT
2023-07-05 23:09:21,028 - INFO - Renamed file as-acnl.3ds to Animal_Crossing_New_Leaf_USA_3DS-ABSTRAKT.3ds in directory 0493 - Animal_Crossing_New_Leaf_USA_3DS-ABSTRAKT
2023-07-05 23:09:21,029 - INFO - Processing file as-lzlbw.3ds in directory 0494 - The_Legend_of_Zelda_A_Link_Between_Worlds_USA_3DS-ABSTRAKT
2023-07-05 23:09:21,029 - INFO - Renamed file as-lzlbw.3ds to The_Legend_of_Zelda_A_Link_Between_Worlds_USA_3DS-ABSTRAKT.3ds in directory 0494 - The_Legend_of_Zelda_A_Link_Between_Worlds_USA_3DS-ABSTRAKT
2023-07-05 23:09:21,029 - INFO - Processing file as-abtu.3ds in directory 0498 - Angry_Birds_Trilogy_USA_3DS-ABSTRAKT
2023-07-05 23:09:21,029 - INFO - Renamed file as-abtu.3ds to Angry_Birds_Trilogy_USA_3DS-ABSTRAKT.3ds in directory 0498 - Angry_Birds_Trilogy_USA_3DS-ABSTRAKT
2023-07-05 23:09:21,029 - INFO - Processing file as-bshp.3ds in directory 0499 - Battleship_USA_3DS-ABSTRAKT
2023-07-05 23:09:21,029 - INFO - Renamed file as-bshp.3ds to Battleship_USA_3DS-ABSTRAKT.3ds in directory 0499 - Battleship_USA_3DS-ABSTRAKT
2023-07-05 23:09:21,029 - INFO - Processing file as-pppf.3ds in directory 0500 - Purr_Pals_Purrfection_USA_3DS-ABSTRAKT
2023-07-05 23:09:21,030 - INFO - Renamed file as-pppf.3ds to Purr_Pals_Purrfection_USA_3DS-ABSTRAKT.3ds in directory 0500 - Purr_Pals_Purrfection_USA_3DS-ABSTRAKT
2023-07-05 23:09:21,030 - INFO - Processing file as-mgc3.3ds in directory 0501 - Madagascar_3_USA_3DS-ABSTRAKT
2023-07-05 23:09:21,030 - INFO - Renamed file as-mgc3.3ds to Madagascar_3_USA_3DS-ABSTRAKT.3ds in directory 0501 - Madagascar_3_USA_3DS-ABSTRAKT
2023-07-05 23:09:21,030 - INFO - Processing file as-f13u.3ds in directory 0502 - FIFA_Soccer_13_USA_3DS-ABSTRAKT
2023-07-05 23:09:21,031 - INFO - Renamed file as-f13u.3ds to FIFA_Soccer_13_USA_3DS-ABSTRAKT.3ds in directory 0502 - FIFA_Soccer_13_USA_3DS-ABSTRAKT
2023-07-05 23:09:21,031 - INFO - Processing file as-pkmy.3ds in directory 0510 - Pokemon_Y_USA_3DS-ABSTRAKT
2023-07-05 23:09:21,031 - INFO - Renamed file as-pkmy.3ds to Pokemon_Y_USA_3DS-ABSTRAKT.3ds in directory 0510 - Pokemon_Y_USA_3DS-ABSTRAKT
2023-07-05 23:09:21,031 - INFO - Processing file as-pkmx.3ds in directory 0511 - Pokemon_X_USA_3DS-ABSTRAKT
2023-07-05 23:09:21,031 - INFO - Renamed file as-pkmx.3ds to Pokemon_X_USA_3DS-ABSTRAKT.3ds in directory 0511 - Pokemon_X_USA_3DS-ABSTRAKT
2023-07-05 23:09:21,031 - INFO - Processing file BBB-P-AHLE.3ds in directory 0514 - Hello.Kitty.Picnic.with.Sanrio.Friends.USA.3DS-BigBlueBox
2023-07-05 23:09:21,032 - INFO - Renamed file BBB-P-AHLE.3ds to Hello.Kitty.Picnic.with.Sanrio.Friends.USA.3DS-BigBlueBox.3ds in directory 0514 - Hello.Kitty.Picnic.with.Sanrio.Friends.USA.3DS-BigBlueBox
2023-07-05 23:09:21,032 - INFO - Processing file as-hkp1.3ds in directory 0517 - Hello_Kitty_Picnic_with_Sanrio_Friends_READ_NFO_USA_3DS-ABSTRAKT
2023-07-05 23:09:21,032 - INFO - Renamed file as-hkp1.3ds to Hello_Kitty_Picnic_with_Sanrio_Friends_READ_NFO_USA_3DS-ABSTRAKT.3ds in directory 0517 - Hello_Kitty_Picnic_with_Sanrio_Friends_READ_NFO_USA_3DS-ABSTRAKT
2023-07-05 23:09:21,032 - INFO - Processing file BBB-P-AEGE.3ds in directory 0525 - Doodle.Jump.Adventures.USA.3DS-BigBlueBox
2023-07-05 23:09:21,033 - INFO - Renamed file BBB-P-AEGE.3ds to Doodle.Jump.Adventures.USA.3DS-BigBlueBox.3ds in directory 0525 - Doodle.Jump.Adventures.USA.3DS-BigBlueBox
2023-07-05 23:09:21,033 - INFO - Processing file BBB-P-ASBE.3ds in directory 0526 - Super.Black.Bass.3D.USA.3DS-BigBlueBox
2023-07-05 23:09:21,033 - INFO - Renamed file BBB-P-ASBE.3ds to Super.Black.Bass.3D.USA.3DS-BigBlueBox.3ds in directory 0526 - Super.Black.Bass.3D.USA.3DS-BigBlueBox
2023-07-05 23:09:21,033 - INFO - Processing file as-batb.3ds in directory 0527 - Batman_Arkham_Origins_Blackgate_USA_3DS-ABSTRAKT
2023-07-05 23:09:21,033 - INFO - Renamed file as-batb.3ds to Batman_Arkham_Origins_Blackgate_USA_3DS-ABSTRAKT.3ds in directory 0527 - Batman_Arkham_Origins_Blackgate_USA_3DS-ABSTRAKT
2023-07-05 23:09:21,034 - INFO - Processing file BBB-P-AB5E.3ds in directory 0564 - Bratz.Fashion.Boutique.USA.3DS-BigBlueBox
2023-07-05 23:09:21,034 - INFO - Renamed file BBB-P-AB5E.3ds to Bratz.Fashion.Boutique.USA.3DS-BigBlueBox.3ds in directory 0564 - Bratz.Fashion.Boutique.USA.3DS-BigBlueBox
2023-07-05 23:09:21,034 - INFO - Processing file BBB-P-AMME.3ds in directory 0597 - American.Mensa.Academy.USA.3DS-BigBlueBox
2023-07-05 23:09:21,034 - INFO - Renamed file BBB-P-AMME.3ds to American.Mensa.Academy.USA.3DS-BigBlueBox.3ds in directory 0597 - American.Mensa.Academy.USA.3DS-BigBlueBox
2023-07-05 23:09:21,034 - INFO - Processing file bbb-p-apre.3ds in directory 0599 - LEGO.Legends.of.Chima.Lavals.Journey.USA.3DS-BigBlueBox
2023-07-05 23:09:21,035 - INFO - Renamed file bbb-p-apre.3ds to LEGO.Legends.of.Chima.Lavals.Journey.USA.3DS-BigBlueBox.3ds in directory 0599 - LEGO.Legends.of.Chima.Lavals.Journey.USA.3DS-BigBlueBox
2023-07-05 23:09:21,035 - INFO - Processing file bbb-p-axxe.3ds in directory 0602 - Project.X.Zone.USA.3DS-BigBlueBox
2023-07-05 23:09:21,035 - INFO - Renamed file bbb-p-axxe.3ds to Project.X.Zone.USA.3DS-BigBlueBox.3ds in directory 0602 - Project.X.Zone.USA.3DS-BigBlueBox
2023-07-05 23:09:21,035 - INFO - Processing file bbb-p-azle.3ds in directory 0604 - Puzzler.World.2013.USA.3DS-BigBlueBox
2023-07-05 23:09:21,036 - INFO - Renamed file bbb-p-azle.3ds to Puzzler.World.2013.USA.3DS-BigBlueBox.3ds in directory 0604 - Puzzler.World.2013.USA.3DS-BigBlueBox
2023-07-05 23:09:21,036 - INFO - Processing file bbb-p-apne.3ds in directory 0606 - Disney.Planes.USA.3DS-BigBlueBox
2023-07-05 23:09:21,036 - INFO - Renamed file bbb-p-apne.3ds to Disney.Planes.USA.3DS-BigBlueBox.3ds in directory 0606 - Disney.Planes.USA.3DS-BigBlueBox
2023-07-05 23:09:21,036 - INFO - Processing file bbb-p-aehe.3ds in directory 0608 - Disney.Frozen.Olafs.Quest.USA.3DS-BigBlueBox
2023-07-05 23:09:21,036 - INFO - Renamed file bbb-p-aehe.3ds to Disney.Frozen.Olafs.Quest.USA.3DS-BigBlueBox.3ds in directory 0608 - Disney.Frozen.Olafs.Quest.USA.3DS-BigBlueBox
2023-07-05 23:09:21,037 - INFO - Processing file bbb-p-afje.3ds in directory 0609 - The.LEGO.Movie.Videogame.USA.3DS-BigBlueBox
2023-07-05 23:09:21,037 - INFO - Renamed file bbb-p-afje.3ds to The.LEGO.Movie.Videogame.USA.3DS-BigBlueBox.3ds in directory 0609 - The.LEGO.Movie.Videogame.USA.3DS-BigBlueBox
2023-07-05 23:09:21,037 - INFO - Processing file bbb-p-afhe.3ds in directory 0610 - Fast.and.Furious.Showdown.USA.3DS-BigBlueBox
2023-07-05 23:09:21,037 - INFO - Renamed file bbb-p-afhe.3ds to Fast.and.Furious.Showdown.USA.3DS-BigBlueBox.3ds in directory 0610 - Fast.and.Furious.Showdown.USA.3DS-BigBlueBox
2023-07-05 23:09:21,039 - INFO - Processing file bbb-p-btre.3ds in directory 0611 - Bravely.Default.USA.3DS-BigBlueBox
2023-07-05 23:09:21,039 - INFO - Renamed file bbb-p-btre.3ds to Bravely.Default.USA.3DS-BigBlueBox.3ds in directory 0611 - Bravely.Default.USA.3DS-BigBlueBox
2023-07-05 23:09:21,040 - INFO - Processing file bbb-p-arve.3ds in directory 0612 - Sonic.Lost.World.USA.3DS-BigBlueBox
2023-07-05 23:09:21,040 - INFO - Renamed file bbb-p-arve.3ds to Sonic.Lost.World.USA.3DS-BigBlueBox.3ds in directory 0612 - Sonic.Lost.World.USA.3DS-BigBlueBox
2023-07-05 23:09:21,041 - INFO - Processing file bbb-p-atqe.3ds in directory 0615 - Freakyforms.Deluxe.Your.Creations.Alive.USA.3DS-BigBlueBox
2023-07-05 23:09:21,041 - INFO - Renamed file bbb-p-atqe.3ds to Freakyforms.Deluxe.Your.Creations.Alive.USA.3DS-BigBlueBox.3ds in directory 0615 - Freakyforms.Deluxe.Your.Creations.Alive.USA.3DS-BigBlueBox
2023-07-05 23:09:21,041 - INFO - Processing file bbb-p-arge.3ds in directory 0616 - Rise.of.the.Guardians.USA.3DS-BigBlueBox
2023-07-05 23:09:21,041 - INFO - Renamed file bbb-p-arge.3ds to Rise.of.the.Guardians.USA.3DS-BigBlueBox.3ds in directory 0616 - Rise.of.the.Guardians.USA.3DS-BigBlueBox
2023-07-05 23:09:21,041 - INFO - Processing file bbb-p-ahke.3ds in directory 0617 - Travel.Adventures.With.Hello.Kitty.USA.3DS-BigBlueBox
2023-07-05 23:09:21,042 - INFO - Renamed file bbb-p-ahke.3ds to Travel.Adventures.With.Hello.Kitty.USA.3DS-BigBlueBox.3ds in directory 0617 - Travel.Adventures.With.Hello.Kitty.USA.3DS-BigBlueBox
2023-07-05 23:09:21,042 - INFO - Processing file bbb-p-abve.3ds in directory 0618 - Ben.10.Omniverse.USA.3DS-BigBlueBox
2023-07-05 23:09:21,042 - INFO - Renamed file bbb-p-abve.3ds to Ben.10.Omniverse.USA.3DS-BigBlueBox.3ds in directory 0618 - Ben.10.Omniverse.USA.3DS-BigBlueBox
2023-07-05 23:09:21,042 - INFO - Processing file bbb-p-anle.3ds in directory 0619 - Girls.Fashion.Shoot.USA.3DS-BigBlueBox
2023-07-05 23:09:21,042 - INFO - Renamed file bbb-p-anle.3ds to Girls.Fashion.Shoot.USA.3DS-BigBlueBox.3ds in directory 0619 - Girls.Fashion.Shoot.USA.3DS-BigBlueBox
2023-07-05 23:09:21,043 - INFO - Processing file bbb-p-azje.3ds in directory 0620 - LEGO.Friends.USA.3DS-BigBlueBox
2023-07-05 23:09:21,043 - INFO - Renamed file bbb-p-azje.3ds to LEGO.Friends.USA.3DS-BigBlueBox.3ds in directory 0620 - LEGO.Friends.USA.3DS-BigBlueBox
2023-07-05 23:09:21,043 - INFO - Processing file bbb-p-apwe.3ds in directory 0621 - Puzzler.World.2012.3D.USA.3DS-BigBlueBox
2023-07-05 23:09:21,043 - INFO - Renamed file bbb-p-apwe.3ds to Puzzler.World.2012.3D.USA.3DS-BigBlueBox.3ds in directory 0621 - Puzzler.World.2012.3D.USA.3DS-BigBlueBox
2023-07-05 23:09:21,044 - INFO - Processing file bbb-p-ac8e.3ds in directory 0622 - RollerCoaster.Tycoon.3D.USA.3DS-BigBlueBox
2023-07-05 23:09:21,044 - INFO - Renamed file bbb-p-ac8e.3ds to RollerCoaster.Tycoon.3D.USA.3DS-BigBlueBox.3ds in directory 0622 - RollerCoaster.Tycoon.3D.USA.3DS-BigBlueBox
2023-07-05 23:09:21,044 - INFO - Processing file bbb-p-adye.3ds in directory 0624 - Disney.Infinity.Toy.Box.Challenge.USA.3DS-BigBlueBox
2023-07-05 23:09:21,045 - INFO - Renamed file bbb-p-adye.3ds to Disney.Infinity.Toy.Box.Challenge.USA.3DS-BigBlueBox.3ds in directory 0624 - Disney.Infinity.Toy.Box.Challenge.USA.3DS-BigBlueBox
2023-07-05 23:09:21,045 - INFO - Processing file bbb-p-ah5e.3ds in directory 0629 - Monster.High.Skultimate.Roller.Maze.USA.3DS-BigBlueBox
2023-07-05 23:09:21,045 - INFO - Renamed file bbb-p-ah5e.3ds to Monster.High.Skultimate.Roller.Maze.USA.3DS-BigBlueBox.3ds in directory 0629 - Monster.High.Skultimate.Roller.Maze.USA.3DS-BigBlueBox
2023-07-05 23:09:21,045 - INFO - Processing file bbb-p-ance.3ds in directory 0630 - NCIS.3D.USA.3DS-BigBlueBox
2023-07-05 23:09:21,046 - INFO - Renamed file bbb-p-ance.3ds to NCIS.3D.USA.3DS-BigBlueBox.3ds in directory 0630 - NCIS.3D.USA.3DS-BigBlueBox
2023-07-05 23:09:21,046 - INFO - Processing file bbb-p-ajee.3ds in directory 0631 - Jewel.Master.Cradle.of.Egypt.2.3D.USA.3DS-BigBlueBox
2023-07-05 23:09:21,046 - INFO - Renamed file bbb-p-ajee.3ds to Jewel.Master.Cradle.of.Egypt.2.3D.USA.3DS-BigBlueBox.3ds in directory 0631 - Jewel.Master.Cradle.of.Egypt.2.3D.USA.3DS-BigBlueBox
2023-07-05 23:09:21,046 - INFO - Processing file bbb-p-brdz.3ds in directory 0632 - One.Piece.Romance.Dawn.USA.3DS-BigBlueBox
2023-07-05 23:09:21,047 - INFO - Renamed file bbb-p-brdz.3ds to One.Piece.Romance.Dawn.USA.3DS-BigBlueBox.3ds in directory 0632 - One.Piece.Romance.Dawn.USA.3DS-BigBlueBox
2023-07-05 23:09:21,047 - INFO - Processing file bbb-p-ahee.3ds in directory 0633 - Spy.Hunter.USA.3DS-BigBlueBox
2023-07-05 23:09:21,047 - INFO - Renamed file bbb-p-ahee.3ds to Spy.Hunter.USA.3DS-BigBlueBox.3ds in directory 0633 - Spy.Hunter.USA.3DS-BigBlueBox
2023-07-05 23:09:21,047 - INFO - Processing file bbb-p-aqre.3ds in directory 0634 - The.Croods.Prehistoric.Party.USA.3DS-BigBlueBox
2023-07-05 23:09:21,048 - INFO - Renamed file bbb-p-aqre.3ds to The.Croods.Prehistoric.Party.USA.3DS-BigBlueBox.3ds in directory 0634 - The.Croods.Prehistoric.Party.USA.3DS-BigBlueBox
2023-07-05 23:09:21,048 - INFO - Processing file bbb-p-amze.3ds in directory 0635 - Mahjong.3D.Warriors.of.the.Emperor.USA.3DS-BigBlueBox
2023-07-05 23:09:21,048 - INFO - Renamed file bbb-p-amze.3ds to Mahjong.3D.Warriors.of.the.Emperor.USA.3DS-BigBlueBox.3ds in directory 0635 - Mahjong.3D.Warriors.of.the.Emperor.USA.3DS-BigBlueBox
2023-07-05 23:09:21,048 - INFO - Processing file bbb-p-abae.3ds in directory 0637 - Imagine.Babyz.3D.USA.3DS-BigBlueBox
2023-07-05 23:09:21,049 - INFO - Renamed file bbb-p-abae.3ds to Imagine.Babyz.3D.USA.3DS-BigBlueBox.3ds in directory 0637 - Imagine.Babyz.3D.USA.3DS-BigBlueBox
2023-07-05 23:09:21,049 - INFO - Processing file bbb-p-an4e.3ds in directory 0638 - Naruto.Powerful.Shippuden.USA.3DS-BigBlueBox
2023-07-05 23:09:21,049 - INFO - Renamed file bbb-p-an4e.3ds to Naruto.Powerful.Shippuden.USA.3DS-BigBlueBox.3ds in directory 0638 - Naruto.Powerful.Shippuden.USA.3DS-BigBlueBox
2023-07-05 23:09:21,049 - INFO - Processing file bbb-p-alle.3ds in directory 0639 - Sonic.and.All.Stars.Racing.Transformed.USA.3DS-BigBlueBox
2023-07-05 23:09:21,050 - INFO - Renamed file bbb-p-alle.3ds to Sonic.and.All.Stars.Racing.Transformed.USA.3DS-BigBlueBox.3ds in directory 0639 - Sonic.and.All.Stars.Racing.Transformed.USA.3DS-BigBlueBox
2023-07-05 23:09:21,050 - INFO - Processing file bbb-p-ad5e.3ds in directory 0640 - Cloudy.With.A.Chance.of.Meatballs.2.USA.3DS-BigBlueBox
2023-07-05 23:09:21,050 - INFO - Renamed file bbb-p-ad5e.3ds to Cloudy.With.A.Chance.of.Meatballs.2.USA.3DS-BigBlueBox.3ds in directory 0640 - Cloudy.With.A.Chance.of.Meatballs.2.USA.3DS-BigBlueBox
2023-07-05 23:09:21,050 - INFO - Processing file bbb-p-ajle.3ds in directory 0642 - Jewel.Master.Cradle.of.Rome.2.USA.3DS-BigBlueBox
2023-07-05 23:09:21,051 - INFO - Renamed file bbb-p-ajle.3ds to Jewel.Master.Cradle.of.Rome.2.USA.3DS-BigBlueBox.3ds in directory 0642 - Jewel.Master.Cradle.of.Rome.2.USA.3DS-BigBlueBox
2023-07-05 23:09:21,052 - INFO - Processing file bbb-p-afye.3ds in directory 0645 - Fifa.14.USA.3DS-BigBlueBox
2023-07-05 23:09:21,052 - INFO - Renamed file bbb-p-afye.3ds to Fifa.14.USA.3DS-BigBlueBox.3ds in directory 0645 - Fifa.14.USA.3DS-BigBlueBox
2023-07-05 23:09:21,052 - INFO - Processing file bbb-p-al6e.3ds in directory 0646 - Professor.Layton.and.the.Azran.Legacy.USA.3DS-BigBlueBox
2023-07-05 23:09:21,053 - INFO - Renamed file bbb-p-al6e.3ds to Professor.Layton.and.the.Azran.Legacy.USA.3DS-BigBlueBox.3ds in directory 0646 - Professor.Layton.and.the.Azran.Legacy.USA.3DS-BigBlueBox
2023-07-05 23:09:21,053 - INFO - Processing file bbb-p-ad2e.3ds in directory 0647 - Deer.Drive.Legends.USA.3DS-BigBlueBox
2023-07-05 23:09:21,053 - INFO - Renamed file bbb-p-ad2e.3ds to Deer.Drive.Legends.USA.3DS-BigBlueBox.3ds in directory 0647 - Deer.Drive.Legends.USA.3DS-BigBlueBox
2023-07-05 23:09:21,053 - INFO - Processing file bbb-p-atae.3ds in directory 0655 - Yoshis.New.Island.USA.3DS-BigBlueBox
2023-07-05 23:09:21,053 - INFO - Renamed file bbb-p-atae.3ds to Yoshis.New.Island.USA.3DS-BigBlueBox.3ds in directory 0655 - Yoshis.New.Island.USA.3DS-BigBlueBox
2023-07-05 23:09:21,054 - INFO - Processing file bbb-p-br3e.3ds in directory 0663 - Cut.the.Rope.Triple.Treat.USA.3DS-BigBlueBox
2023-07-05 23:09:21,054 - INFO - Renamed file bbb-p-br3e.3ds to Cut.the.Rope.Triple.Treat.USA.3DS-BigBlueBox.3ds in directory 0663 - Cut.the.Rope.Triple.Treat.USA.3DS-BigBlueBox
2023-07-05 23:09:21,054 - INFO - Processing file hr-usagi.3ds in directory 0738 - Oshaberi_Usagi_Mecha_Kawa_Oshare_Collection_JPN_3DS-HR
2023-07-05 23:09:21,054 - INFO - Renamed file hr-usagi.3ds to Oshaberi_Usagi_Mecha_Kawa_Oshare_Collection_JPN_3DS-HR.3ds in directory 0738 - Oshaberi_Usagi_Mecha_Kawa_Oshare_Collection_JPN_3DS-HR
2023-07-05 23:09:21,055 - INFO - Processing file bbb-p-amke-1.3ds in directory 0852 - Mario.Kart.7.USA.READNFO.3DS-BigBlueBox
2023-07-05 23:09:21,055 - INFO - Renamed file bbb-p-amke-1.3ds to Mario.Kart.7.USA.READNFO.3DS-BigBlueBox.3ds in directory 0852 - Mario.Kart.7.USA.READNFO.3DS-BigBlueBox
2023-07-05 23:09:21,055 - INFO - Processing file as-mgwt.3ds in directory 0911 - Mario_Golf_World_Tour_USA_3DS-ABSTRAKT
2023-07-05 23:09:21,055 - INFO - Renamed file as-mgwt.3ds to Mario_Golf_World_Tour_USA_3DS-ABSTRAKT.3ds in directory 0911 - Mario_Golf_World_Tour_USA_3DS-ABSTRAKT
2023-07-05 23:09:21,055 - INFO - Processing file bbb-p-ayze.3ds in directory 0945 - Putty.Squad.USA.3DS-BigBlueBox
2023-07-05 23:09:21,056 - INFO - Renamed file bbb-p-ayze.3ds to Putty.Squad.USA.3DS-BigBlueBox.3ds in directory 0945 - Putty.Squad.USA.3DS-BigBlueBox
2023-07-05 23:09:21,056 - INFO - Processing file bbb-p-ec6e.3ds in directory 0961 - Tomodachi.Life.USA.3DS-BigBlueBox
2023-07-05 23:09:21,056 - INFO - Renamed file bbb-p-ec6e.3ds to Tomodachi.Life.USA.3DS-BigBlueBox.3ds in directory 0961 - Tomodachi.Life.USA.3DS-BigBlueBox
2023-07-05 23:09:21,056 - INFO - Processing file bbb-p-btde.3ds in directory 0969 - How.to.Train.Your.Dragon.2.The.Video.Game.USA.3DS-BigBlueBox
2023-07-05 23:09:21,057 - INFO - Renamed file bbb-p-btde.3ds to How.to.Train.Your.Dragon.2.The.Video.Game.USA.3DS-BigBlueBox.3ds in directory 0969 - How.to.Train.Your.Dragon.2.The.Video.Game.USA.3DS-BigBlueBox
2023-07-05 23:09:21,057 - INFO - Processing file bbb-p-bfse.3ds in directory 0985 - Farming.Simulator.14.USA.3DS-BigBlueBox
2023-07-05 23:09:21,057 - INFO - Renamed file bbb-p-bfse.3ds to Farming.Simulator.14.USA.3DS-BigBlueBox.3ds in directory 0985 - Farming.Simulator.14.USA.3DS-BigBlueBox
2023-07-05 23:09:21,057 - INFO - Processing file as-opusa.3ds in directory 0997 - One_Piece_Unlimited_World_Red_USA_3DS-ABSTRAKT
2023-07-05 23:09:21,057 - INFO - Renamed file as-opusa.3ds to One_Piece_Unlimited_World_Red_USA_3DS-ABSTRAKT.3ds in directory 0997 - One_Piece_Unlimited_World_Red_USA_3DS-ABSTRAKT
2023-07-05 23:09:21,057 - INFO - Processing file bbb-p-bcue.3ds in directory 1000 - Scooby.Doo.and.Looney.Tunes.Cartoon.Universe.Adventure.USA.3DS-BigBlueBox
2023-07-05 23:09:21,057 - INFO - Renamed file bbb-p-bcue.3ds to Scooby.Doo.and.Looney.Tunes.Cartoon.Universe.Adventure.USA.3DS-BigBlueBox.3ds in directory 1000 - Scooby.Doo.and.Looney.Tunes.Cartoon.Universe.Adventure.USA.3DS-BigBlueBox
2023-07-05 23:09:21,057 - INFO - Processing file bbb-p-bnte.3ds in directory 1015 - Teenage.Mutant.Ninja.Turtles.USA.3DS-BigBlueBox
2023-07-05 23:09:21,059 - INFO - Renamed file bbb-p-bnte.3ds to Teenage.Mutant.Ninja.Turtles.USA.3DS-BigBlueBox.3ds in directory 1015 - Teenage.Mutant.Ninja.Turtles.USA.3DS-BigBlueBox
